<?xml version="1.0" encoding="UTF-8"?>
<!-- Generated by org.testng.reporters.JUnitXMLReporter -->
<testsuite ignored="2" hostname="ProSmart-PC" failures="0" tests="1" name="Google Test" time="10.645" errors="0" timestamp="2023-05-06T14:55:54 EDT">
  <testcase classname="com.pro.rough.TwoTest" name="googleTest" time="5.546"/>
  <testcase classname="com.pro.rough.TwoTest" name="facebookTest" time="0.0">
    <ignored/>
  </testcase> <!-- facebookTest -->
  <testcase classname="com.pro.rough.TwoTest" name="hackerrankTest" time="0.0">
    <ignored/>
  </testcase> <!-- hackerrankTest -->
</testsuite> <!-- Google Test -->
