<?xml version="1.0" encoding="UTF-8"?>
<!-- Generated by org.testng.reporters.JUnitXMLReporter -->
<testsuite ignored="2" hostname="ProSmart-PC" failures="0" tests="1" name="Hacker Rank Test" time="12.552" errors="0" timestamp="2023-05-07T12:01:57 EDT">
  <testcase classname="com.pro.rough.TwoTest" name="hackerrankTest" time="8.307"/>
  <testcase classname="com.pro.rough.TwoTest" name="facebookTest" time="0.0">
    <ignored/>
  </testcase> <!-- facebookTest -->
  <testcase classname="com.pro.rough.TwoTest" name="googleTest" time="0.0">
    <ignored/>
  </testcase> <!-- googleTest -->
</testsuite> <!-- Hacker Rank Test -->
