<?xml version="1.0" encoding="UTF-8"?>
<testng-results ignored="0" total="1" passed="1" failed="0" skipped="0">
  <reporter-output>
  </reporter-output>
  <suite started-at="2023-04-30T15:57:11 EDT" name="Default suite" finished-at="2023-04-30T15:57:24 EDT" duration-ms="13528">
    <groups>
    </groups>
    <test started-at="2023-04-30T15:57:11 EDT" name="Default test" finished-at="2023-04-30T15:57:24 EDT" duration-ms="13528">
      <class name="com.pro.testcases.HomePageTest">
        <test-method is-config="true" signature="setupSuite()[pri:0, instance:com.pro.testcases.HomePageTest@58cbafc2]" started-at="2023-04-30T15:57:09 EDT" name="setupSuite" finished-at="2023-04-30T15:57:11 EDT" duration-ms="1509" status="PASS">
          <reporter-output>
          </reporter-output>
        </test-method> <!-- setupSuite -->
        <test-method is-config="true" signature="setup()[pri:0, instance:com.pro.testcases.HomePageTest@58cbafc2]" started-at="2023-04-30T15:57:11 EDT" name="setup" finished-at="2023-04-30T15:57:22 EDT" duration-ms="11043" status="PASS">
          <reporter-output>
          </reporter-output>
        </test-method> <!-- setup -->
        <test-method signature="testBankManagerLogin()[pri:0, instance:com.pro.testcases.HomePageTest@58cbafc2]" started-at="2023-04-30T15:57:22 EDT" name="testBankManagerLogin" finished-at="2023-04-30T15:57:23 EDT" duration-ms="1667" status="PASS">
          <reporter-output>
          </reporter-output>
        </test-method> <!-- testBankManagerLogin -->
        <test-method is-config="true" signature="tearDownMethod(org.testng.ITestResult,java.lang.reflect.Method)[pri:0, instance:com.pro.testcases.HomePageTest@58cbafc2]" started-at="2023-04-30T15:57:23 EDT" name="tearDownMethod" finished-at="2023-04-30T15:57:23 EDT" duration-ms="4" status="PASS">
          <params>
            <param index="0">
              <value>
                <![CDATA[[TestResult name=testBankManagerLogin status=SUCCESS method=HomePageTest.testBankManagerLogin()[pri:0, instance:com.pro.testcases.HomePageTest@58cbafc2] output={null}]]]>
              </value>
            </param>
            <param index="1">
              <value>
                <![CDATA[public void com.pro.testcases.HomePageTest.testBankManagerLogin()]]>
              </value>
            </param>
          </params>
          <reporter-output>
          </reporter-output>
        </test-method> <!-- tearDownMethod -->
        <test-method is-config="true" signature="tearDown()[pri:0, instance:com.pro.testcases.HomePageTest@58cbafc2]" started-at="2023-04-30T15:57:23 EDT" name="tearDown" finished-at="2023-04-30T15:57:24 EDT" duration-ms="769" status="PASS">
          <reporter-output>
          </reporter-output>
        </test-method> <!-- tearDown -->
      </class> <!-- com.pro.testcases.HomePageTest -->
    </test> <!-- Default test -->
  </suite> <!-- Default suite -->
</testng-results>
