<?xml version="1.0" encoding="UTF-8"?>
<testng-results ignored="0" total="1" passed="1" failed="0" skipped="0">
  <reporter-output>
  </reporter-output>
  <suite started-at="2023-05-07T12:51:37 EDT" name="Bank Test Suite" finished-at="2023-05-07T12:51:51 EDT" duration-ms="13834">
    <groups>
      <group name="Sanity">
        <method signature="HomePageTest.testBankManagerLogin()[pri:0, instance:com.pro.testcases.HomePageTest@53045c6c]" name="testBankManagerLogin" class="com.pro.testcases.HomePageTest"/>
      </group> <!-- Sanity -->
      <group name="Regression">
        <method signature="HomePageTest.testBankManagerLogin()[pri:0, instance:com.pro.testcases.HomePageTest@53045c6c]" name="testBankManagerLogin" class="com.pro.testcases.HomePageTest"/>
      </group> <!-- Regression -->
      <group name="Smoke">
        <method signature="HomePageTest.testBankManagerLogin()[pri:0, instance:com.pro.testcases.HomePageTest@53045c6c]" name="testBankManagerLogin" class="com.pro.testcases.HomePageTest"/>
      </group> <!-- Smoke -->
    </groups>
    <test started-at="2023-05-07T12:51:37 EDT" name="Adding customer" finished-at="2023-05-07T12:51:51 EDT" duration-ms="13834">
      <class name="com.pro.testcases.HomePageTest">
        <test-method is-config="true" signature="setupSuite()[pri:0, instance:com.pro.testcases.HomePageTest@53045c6c]" started-at="2023-05-07T12:51:35 EDT" name="setupSuite" finished-at="2023-05-07T12:51:37 EDT" duration-ms="1911" status="PASS">
          <reporter-output>
          </reporter-output>
        </test-method> <!-- setupSuite -->
        <test-method is-config="true" signature="setup(java.lang.String,org.testng.ITestContext)[pri:0, instance:com.pro.testcases.HomePageTest@53045c6c]" started-at="2023-05-07T12:51:37 EDT" name="setup" finished-at="2023-05-07T12:51:49 EDT" duration-ms="11529" status="PASS">
          <params>
            <param index="0">
              <value>
                <![CDATA[Chrome]]>
              </value>
            </param>
            <param index="1">
              <value>
                <![CDATA[org.testng.TestRunner@16e195cf]]>
              </value>
            </param>
          </params>
          <reporter-output>
          </reporter-output>
        </test-method> <!-- setup -->
        <test-method signature="testBankManagerLogin()[pri:0, instance:com.pro.testcases.HomePageTest@53045c6c]" started-at="2023-05-07T12:51:49 EDT" name="testBankManagerLogin" finished-at="2023-05-07T12:51:50 EDT" duration-ms="1570" status="PASS">
          <reporter-output>
          </reporter-output>
        </test-method> <!-- testBankManagerLogin -->
        <test-method is-config="true" signature="tearDownMethod(org.testng.ITestResult,java.lang.reflect.Method)[pri:0, instance:com.pro.testcases.HomePageTest@53045c6c]" started-at="2023-05-07T12:51:50 EDT" name="tearDownMethod" finished-at="2023-05-07T12:51:50 EDT" duration-ms="3" status="PASS">
          <params>
            <param index="0">
              <value>
                <![CDATA[[TestResult name=testBankManagerLogin status=SUCCESS method=HomePageTest.testBankManagerLogin()[pri:0, instance:com.pro.testcases.HomePageTest@53045c6c] output={null}]]]>
              </value>
            </param>
            <param index="1">
              <value>
                <![CDATA[public void com.pro.testcases.HomePageTest.testBankManagerLogin()]]>
              </value>
            </param>
          </params>
          <reporter-output>
          </reporter-output>
        </test-method> <!-- tearDownMethod -->
        <test-method is-config="true" signature="tearDown()[pri:0, instance:com.pro.testcases.HomePageTest@53045c6c]" started-at="2023-05-07T12:51:50 EDT" name="tearDown" finished-at="2023-05-07T12:51:51 EDT" duration-ms="673" status="PASS">
          <reporter-output>
          </reporter-output>
        </test-method> <!-- tearDown -->
        <test-method is-config="true" signature="genrateReport()[pri:0, instance:com.pro.testcases.HomePageTest@53045c6c]" started-at="2023-05-07T12:51:51 EDT" name="genrateReport" finished-at="2023-05-07T12:51:52 EDT" duration-ms="847" status="PASS">
          <reporter-output>
          </reporter-output>
        </test-method> <!-- genrateReport -->
      </class> <!-- com.pro.testcases.HomePageTest -->
    </test> <!-- Adding customer -->
  </suite> <!-- Bank Test Suite -->
</testng-results>
